0 verbose cli /opt/homebrew/Cellar/node@22/22.22.0/bin/node /opt/homebrew/Cellar/node@22/22.22.0/lib/node_modules/npm/bin/npm-cli.js
1 info using npm@10.9.4
2 info using node@v22.22.0
3 silly config load:file:/opt/homebrew/Cellar/node@22/22.22.0/lib/node_modules/npm/npmrc
4 silly config load:file:/Users/matt/Rooted_Daily_Android/Rooted_Daily/.npmrc
5 silly config load:file:/Users/matt/.npmrc
6 verbose config error loading user config Error: EPERM: operation not permitted, open '/Users/matt/.npmrc'
6 verbose config     at async open (node:internal/fs/promises:636:25)
6 verbose config     at async readFile (node:internal/fs/promises:1235:14)
6 verbose config     at async #loadFile (/opt/homebrew/Cellar/node@22/22.22.0/lib/node_modules/npm/node_modules/@npmcli/config/lib/index.js:589:5)
6 verbose config     at async Config.load (/opt/homebrew/Cellar/node@22/22.22.0/lib/node_modules/npm/node_modules/@npmcli/config/lib/index.js:250:5)
6 verbose config     at async #load (/opt/homebrew/Cellar/node@22/22.22.0/lib/node_modules/npm/lib/npm.js:98:5)
6 verbose config     at async Npm.load (/opt/homebrew/Cellar/node@22/22.22.0/lib/node_modules/npm/lib/npm.js:80:14)
6 verbose config     at async module.exports (/opt/homebrew/Cellar/node@22/22.22.0/lib/node_modules/npm/lib/cli/entry.js:42:37) {
6 verbose config   errno: -1,
6 verbose config   code: 'EPERM',
6 verbose config   syscall: 'open',
6 verbose config   path: '/Users/matt/.npmrc'
6 verbose config }
7 silly config load:file:/opt/homebrew/etc/npmrc
8 verbose title npm exec expo install --fix
9 verbose argv "exec" "--" "expo" "install" "--fix"
10 verbose logfile logs-max:10 dir:/Users/matt/Rooted_Daily_Android/Rooted_Daily/.npm_cache_tmp/_logs/2026-04-10T23_51_17_727Z-
11 verbose logfile /Users/matt/Rooted_Daily_Android/Rooted_Daily/.npm_cache_tmp/_logs/2026-04-10T23_51_17_727Z-debug-0.log
12 silly logfile start cleaning logs, removing 1 files
13 silly logfile done cleaning log files
14 verbose cwd /Users/matt/Rooted_Daily_Android/Rooted_Daily
15 verbose os Darwin 25.4.0
16 verbose node v22.22.0
17 verbose npm  v10.9.4
18 verbose exit 7
19 verbose code 7
