0 verbose cli /opt/homebrew/Cellar/node/25.6.1/bin/node /opt/homebrew/bin/npm
1 info using npm@11.9.0
2 info using node@v25.6.1
3 silly config load:file:/opt/homebrew/lib/node_modules/npm/npmrc
4 silly config load:file:/private/var/folders/49/9f_8ccbn56zd7dscmj148m6m0000gn/T/eas-build-local-nodejs/***/build/.npmrc
5 silly config load:file:/Users/matt/.npmrc
6 silly config load:file:/opt/homebrew/etc/npmrc
7 verbose title npm ci
8 verbose argv "ci" "--include" "dev"
9 verbose logfile logs-max:10 dir:/Users/matt/Rooted_Daily_Android/Rooted_Daily/.npm_cache_tmp/_logs/2026-04-10T23_50_56_937Z-
10 verbose logfile /Users/matt/Rooted_Daily_Android/Rooted_Daily/.npm_cache_tmp/_logs/2026-04-10T23_50_56_937Z-debug-0.log
11 silly logfile start cleaning logs, removing 1 files
12 silly packumentCache heap:4496293888 maxSize:1124073472 maxEntrySize:562036736
13 silly logfile done cleaning log files
14 silly idealTree buildDeps
15 silly fetch manifest @expo/ngrok-bin-darwin-x64@2.3.41
16 silly packumentCache full:https://registry.npmjs.org/@expo%2fngrok-bin-darwin-x64 cache-miss
17 http fetch GET 200 https://registry.npmjs.org/@expo%2fngrok-bin-darwin-x64 283ms (cache revalidated)
18 silly packumentCache full:https://registry.npmjs.org/@expo%2fngrok-bin-darwin-x64 set size:14082 disposed:false
19 silly fetch manifest @expo/ngrok-bin-freebsd-ia32@2.3.41
20 silly packumentCache full:https://registry.npmjs.org/@expo%2fngrok-bin-freebsd-ia32 cache-miss
21 http fetch GET 200 https://registry.npmjs.org/@expo%2fngrok-bin-freebsd-ia32 159ms (cache revalidated)
22 silly packumentCache full:https://registry.npmjs.org/@expo%2fngrok-bin-freebsd-ia32 set size:14167 disposed:false
23 silly fetch manifest @expo/ngrok-bin-freebsd-x64@2.3.41
24 silly packumentCache full:https://registry.npmjs.org/@expo%2fngrok-bin-freebsd-x64 cache-miss
25 http fetch GET 200 https://registry.npmjs.org/@expo%2fngrok-bin-freebsd-x64 173ms (cache revalidated)
26 silly packumentCache full:https://registry.npmjs.org/@expo%2fngrok-bin-freebsd-x64 set size:14124 disposed:false
27 silly fetch manifest @expo/ngrok-bin-linux-arm@2.3.41
28 silly packumentCache full:https://registry.npmjs.org/@expo%2fngrok-bin-linux-arm cache-miss
29 http fetch GET 200 https://registry.npmjs.org/@expo%2fngrok-bin-linux-arm 163ms (cache revalidated)
30 silly packumentCache full:https://registry.npmjs.org/@expo%2fngrok-bin-linux-arm set size:14039 disposed:false
31 silly fetch manifest @expo/ngrok-bin-linux-arm64@2.3.41
32 silly packumentCache full:https://registry.npmjs.org/@expo%2fngrok-bin-linux-arm64 cache-miss
33 http fetch GET 200 https://registry.npmjs.org/@expo%2fngrok-bin-linux-arm64 247ms (cache revalidated)
34 silly packumentCache full:https://registry.npmjs.org/@expo%2fngrok-bin-linux-arm64 set size:14125 disposed:false
35 silly fetch manifest @expo/ngrok-bin-linux-ia32@2.3.41
36 silly packumentCache full:https://registry.npmjs.org/@expo%2fngrok-bin-linux-ia32 cache-miss
37 http fetch GET 200 https://registry.npmjs.org/@expo%2fngrok-bin-linux-ia32 149ms (cache revalidated)
38 silly packumentCache full:https://registry.npmjs.org/@expo%2fngrok-bin-linux-ia32 set size:14084 disposed:false
39 silly fetch manifest @expo/ngrok-bin-linux-x64@2.3.41
40 silly packumentCache full:https://registry.npmjs.org/@expo%2fngrok-bin-linux-x64 cache-miss
41 http fetch GET 200 https://registry.npmjs.org/@expo%2fngrok-bin-linux-x64 117ms (cache revalidated)
42 silly packumentCache full:https://registry.npmjs.org/@expo%2fngrok-bin-linux-x64 set size:14045 disposed:false
43 silly fetch manifest @expo/ngrok-bin-sunos-x64@2.3.41
44 silly packumentCache full:https://registry.npmjs.org/@expo%2fngrok-bin-sunos-x64 cache-miss
45 http fetch GET 200 https://registry.npmjs.org/@expo%2fngrok-bin-sunos-x64 318ms (cache revalidated)
46 silly packumentCache full:https://registry.npmjs.org/@expo%2fngrok-bin-sunos-x64 set size:14039 disposed:false
47 silly fetch manifest @expo/ngrok-bin-win32-ia32@2.3.41
48 silly packumentCache full:https://registry.npmjs.org/@expo%2fngrok-bin-win32-ia32 cache-miss
49 http fetch GET 200 https://registry.npmjs.org/@expo%2fngrok-bin-win32-ia32 212ms (cache revalidated)
50 silly packumentCache full:https://registry.npmjs.org/@expo%2fngrok-bin-win32-ia32 set size:15898 disposed:false
51 silly fetch manifest @expo/ngrok-bin-win32-x64@2.3.41
52 silly packumentCache full:https://registry.npmjs.org/@expo%2fngrok-bin-win32-x64 cache-miss
53 http fetch GET 200 https://registry.npmjs.org/@expo%2fngrok-bin-win32-x64 223ms (cache revalidated)
54 silly packumentCache full:https://registry.npmjs.org/@expo%2fngrok-bin-win32-x64 set size:15850 disposed:false
55 silly placeDep ROOT @expo/ngrok-bin-darwin-x64@2.3.41 OK for: @expo/ngrok-bin@2.3.42 want: 2.3.41
56 silly placeDep ROOT @expo/ngrok-bin-freebsd-ia32@2.3.41 OK for: @expo/ngrok-bin@2.3.42 want: 2.3.41
57 silly placeDep ROOT @expo/ngrok-bin-freebsd-x64@2.3.41 OK for: @expo/ngrok-bin@2.3.42 want: 2.3.41
58 silly placeDep ROOT @expo/ngrok-bin-linux-arm@2.3.41 OK for: @expo/ngrok-bin@2.3.42 want: 2.3.41
59 silly placeDep ROOT @expo/ngrok-bin-linux-arm64@2.3.41 OK for: @expo/ngrok-bin@2.3.42 want: 2.3.41
60 silly placeDep ROOT @expo/ngrok-bin-linux-ia32@2.3.41 OK for: @expo/ngrok-bin@2.3.42 want: 2.3.41
61 silly placeDep ROOT @expo/ngrok-bin-linux-x64@2.3.41 OK for: @expo/ngrok-bin@2.3.42 want: 2.3.41
62 silly placeDep ROOT @expo/ngrok-bin-sunos-x64@2.3.41 OK for: @expo/ngrok-bin@2.3.42 want: 2.3.41
63 silly placeDep ROOT @expo/ngrok-bin-win32-ia32@2.3.41 OK for: @expo/ngrok-bin@2.3.42 want: 2.3.41
64 silly placeDep ROOT @expo/ngrok-bin-win32-x64@2.3.41 OK for: @expo/ngrok-bin@2.3.42 want: 2.3.41
65 silly fetch manifest @jest/transform@^29.7.0
66 silly packumentCache full:https://registry.npmjs.org/@jest%2ftransform cache-miss
67 http fetch GET 200 https://registry.npmjs.org/@jest%2ftransform 79ms (cache revalidated)
68 silly packumentCache full:https://registry.npmjs.org/@jest%2ftransform set size:463781 disposed:false
69 silly fetch manifest @types/babel__core@^7.1.14
70 silly packumentCache full:https://registry.npmjs.org/@types%2fbabel__core cache-miss
71 http fetch GET 200 https://registry.npmjs.org/@types%2fbabel__core 93ms (cache revalidated)
72 silly packumentCache full:https://registry.npmjs.org/@types%2fbabel__core set size:88676 disposed:false
73 silly placeDep ROOT @jest/transform@29.7.0 OK for: babel-jest@29.7.0 want: ^29.7.0
74 silly placeDep ROOT @types/babel__core@7.20.5 OK for: babel-jest@29.7.0 want: ^7.1.14
75 silly fetch manifest jest-haste-map@^29.7.0
76 silly packumentCache full:https://registry.npmjs.org/jest-haste-map cache-miss
77 silly fetch manifest jest-regex-util@^29.6.3
78 silly packumentCache full:https://registry.npmjs.org/jest-regex-util cache-miss
79 silly fetch manifest write-file-atomic@^4.0.2
80 silly packumentCache full:https://registry.npmjs.org/write-file-atomic cache-miss
81 silly fetch manifest fast-json-stable-stringify@^2.1.0
82 silly packumentCache full:https://registry.npmjs.org/fast-json-stable-stringify cache-miss
83 silly fetch manifest @types/babel__template@*
84 silly packumentCache full:https://registry.npmjs.org/@types%2fbabel__template cache-miss
85 silly fetch manifest @types/babel__traverse@*
86 silly packumentCache full:https://registry.npmjs.org/@types%2fbabel__traverse cache-miss
87 silly fetch manifest @types/babel__generator@*
88 silly packumentCache full:https://registry.npmjs.org/@types%2fbabel__generator cache-miss
89 http fetch GET 200 https://registry.npmjs.org/fast-json-stable-stringify 88ms (cache revalidated)
90 silly packumentCache full:https://registry.npmjs.org/fast-json-stable-stringify set size:11337 disposed:false
91 http fetch GET 200 https://registry.npmjs.org/write-file-atomic 214ms (cache revalidated)
92 silly packumentCache full:https://registry.npmjs.org/write-file-atomic set size:80317 disposed:false
93 http fetch GET 200 https://registry.npmjs.org/jest-haste-map 236ms (cache revalidated)
94 silly packumentCache full:https://registry.npmjs.org/jest-haste-map set size:688422 disposed:false
95 http fetch GET 200 https://registry.npmjs.org/@types%2fbabel__generator 243ms (cache revalidated)
96 silly packumentCache full:https://registry.npmjs.org/@types%2fbabel__generator set size:31587 disposed:false
97 http fetch GET 200 https://registry.npmjs.org/jest-regex-util 259ms (cache revalidated)
98 silly packumentCache full:https://registry.npmjs.org/jest-regex-util set size:229345 disposed:false
99 http fetch GET 200 https://registry.npmjs.org/@types%2fbabel__template 262ms (cache revalidated)
100 silly packumentCache full:https://registry.npmjs.org/@types%2fbabel__template set size:22631 disposed:false
101 http fetch GET 200 https://registry.npmjs.org/@types%2fbabel__traverse 276ms (cache revalidated)
102 silly packumentCache full:https://registry.npmjs.org/@types%2fbabel__traverse set size:107819 disposed:false
103 silly placeDep ROOT fast-json-stable-stringify@2.1.0 OK for: @jest/transform@29.7.0 want: ^2.1.0
104 silly placeDep ROOT jest-haste-map@29.7.0 OK for: @jest/transform@29.7.0 want: ^29.7.0
105 silly placeDep ROOT jest-regex-util@29.6.3 OK for: @jest/transform@29.7.0 want: ^29.6.3
106 silly placeDep ROOT write-file-atomic@4.0.2 OK for: @jest/transform@29.7.0 want: ^4.0.2
107 silly fetch manifest anymatch@^3.0.3
108 silly packumentCache full:https://registry.npmjs.org/anymatch cache-miss
109 silly fetch manifest @types/graceful-fs@^4.1.3
110 silly packumentCache full:https://registry.npmjs.org/@types%2fgraceful-fs cache-miss
111 silly fetch manifest fsevents@^2.3.2
112 silly packumentCache full:https://registry.npmjs.org/fsevents cache-miss
113 silly fetch manifest imurmurhash@^0.1.4
114 silly packumentCache full:https://registry.npmjs.org/imurmurhash cache-miss
115 http fetch GET 200 https://registry.npmjs.org/fsevents 57ms (cache revalidated)
116 silly packumentCache full:https://registry.npmjs.org/fsevents set size:182472 disposed:false
117 http fetch GET 200 https://registry.npmjs.org/anymatch 81ms (cache revalidated)
118 silly packumentCache full:https://registry.npmjs.org/anymatch set size:42974 disposed:false
119 http fetch GET 200 https://registry.npmjs.org/imurmurhash 89ms (cache revalidated)
120 silly packumentCache full:https://registry.npmjs.org/imurmurhash set size:35819 disposed:false
121 http fetch GET 200 https://registry.npmjs.org/@types%2fgraceful-fs 90ms (cache revalidated)
122 silly packumentCache full:https://registry.npmjs.org/@types%2fgraceful-fs set size:38755 disposed:false
123 silly placeDep ROOT @types/babel__generator@7.27.0 OK for: @types/babel__core@7.20.5 want: *
124 silly placeDep ROOT @types/babel__template@7.4.4 OK for: @types/babel__core@7.20.5 want: *
125 silly placeDep ROOT @types/babel__traverse@7.28.0 OK for: @types/babel__core@7.20.5 want: *
126 silly fetch manifest test-exclude@^6.0.0
127 silly packumentCache full:https://registry.npmjs.org/test-exclude cache-miss
128 http fetch GET 200 https://registry.npmjs.org/test-exclude 58ms (cache revalidated)
129 silly packumentCache full:https://registry.npmjs.org/test-exclude set size:89897 disposed:false
130 silly placeDep ROOT test-exclude@6.0.0 OK for: babel-plugin-istanbul@6.1.1 want: ^6.0.0
131 silly fetch manifest glob@^7.1.4
132 silly packumentCache full:https://registry.npmjs.org/glob cache-miss
133 silly fetch manifest minimatch@^3.0.4
134 silly packumentCache full:https://registry.npmjs.org/minimatch cache-miss
135 http cache https://registry.npmjs.org/glob 4ms (cache hit)
136 silly packumentCache full:https://registry.npmjs.org/glob set size:469465 disposed:false
137 http cache https://registry.npmjs.org/minimatch 9ms (cache hit)
138 silly packumentCache full:https://registry.npmjs.org/minimatch set size:375282 disposed:false
139 silly fetch manifest path-exists@^4.0.0
140 silly packumentCache full:https://registry.npmjs.org/path-exists cache-miss
141 http fetch GET 200 https://registry.npmjs.org/path-exists 61ms (cache revalidated)
142 silly packumentCache full:https://registry.npmjs.org/path-exists set size:13704 disposed:false
143 silly placeDep ROOT path-exists@4.0.0 OK for: find-up@4.1.0 want: ^4.0.0
144 silly fetch manifest @jest/environment@^29.7.0
145 silly packumentCache full:https://registry.npmjs.org/@jest%2fenvironment cache-miss
146 http fetch GET 200 https://registry.npmjs.org/@jest%2fenvironment 100ms (cache revalidated)
147 silly packumentCache full:https://registry.npmjs.org/@jest%2fenvironment set size:363084 disposed:false
148 silly fetch manifest @jest/fake-timers@^29.7.0
149 silly packumentCache full:https://registry.npmjs.org/@jest%2ffake-timers cache-miss
150 http fetch GET 200 https://registry.npmjs.org/@jest%2ffake-timers 170ms (cache revalidated)
151 silly packumentCache full:https://registry.npmjs.org/@jest%2ffake-timers set size:367602 disposed:false
152 silly placeDep ROOT @jest/environment@29.7.0 OK for: jest-environment-node@29.7.0 want: ^29.7.0
153 silly placeDep ROOT @jest/fake-timers@29.7.0 OK for: jest-environment-node@29.7.0 want: ^29.7.0
154 silly fetch manifest jest-message-util@^29.7.0
155 silly packumentCache full:https://registry.npmjs.org/jest-message-util cache-miss
156 silly fetch manifest @sinonjs/fake-timers@^10.0.2
157 silly packumentCache full:https://registry.npmjs.org/@sinonjs%2ffake-timers cache-miss
158 http fetch GET 200 https://registry.npmjs.org/jest-message-util 83ms (cache revalidated)
159 silly packumentCache full:https://registry.npmjs.org/jest-message-util set size:514568 disposed:false
160 http fetch GET 200 https://registry.npmjs.org/@sinonjs%2ffake-timers 101ms (cache revalidated)
161 silly packumentCache full:https://registry.npmjs.org/@sinonjs%2ffake-timers set size:387009 disposed:false
162 silly placeDep ROOT @sinonjs/fake-timers@10.3.0 OK for: @jest/fake-timers@29.7.0 want: ^10.0.2
163 silly placeDep ROOT jest-message-util@29.7.0 OK for: @jest/fake-timers@29.7.0 want: ^29.7.0
164 silly fetch manifest @sinonjs/commons@^3.0.0
165 silly packumentCache full:https://registry.npmjs.org/@sinonjs%2fcommons cache-miss
166 silly fetch manifest stack-utils@^2.0.3
167 silly packumentCache full:https://registry.npmjs.org/stack-utils cache-miss
168 silly fetch manifest @babel/code-frame@^7.12.13
169 silly packumentCache full:https://registry.npmjs.org/@babel%2fcode-frame cache-miss
170 silly fetch manifest @types/stack-utils@^2.0.0
171 silly packumentCache full:https://registry.npmjs.org/@types%2fstack-utils cache-miss
172 http cache https://registry.npmjs.org/@babel%2fcode-frame 5ms (cache hit)
173 silly packumentCache full:https://registry.npmjs.org/@babel%2fcode-frame set size:196196 disposed:false
174 http fetch GET 200 https://registry.npmjs.org/stack-utils 66ms (cache revalidated)
175 silly packumentCache full:https://registry.npmjs.org/stack-utils set size:60586 disposed:false
176 http fetch GET 200 https://registry.npmjs.org/@types%2fstack-utils 72ms (cache revalidated)
177 silly packumentCache full:https://registry.npmjs.org/@types%2fstack-utils set size:11605 disposed:false
178 http fetch GET 200 https://registry.npmjs.org/@sinonjs%2fcommons 76ms (cache revalidated)
179 silly packumentCache full:https://registry.npmjs.org/@sinonjs%2fcommons set size:84818 disposed:false
180 silly placeDep ROOT @sinonjs/commons@3.0.1 OK for: @sinonjs/fake-timers@10.3.0 want: ^3.0.0
181 silly fetch manifest type-detect@4.0.8
182 silly packumentCache full:https://registry.npmjs.org/type-detect cache-miss
183 http fetch GET 200 https://registry.npmjs.org/type-detect 64ms (cache revalidated)
184 silly packumentCache full:https://registry.npmjs.org/type-detect set size:58804 disposed:false
185 silly placeDep ROOT type-detect@4.0.8 OK for: @sinonjs/commons@3.0.1 want: 4.0.8
186 silly placeDep ROOT @types/graceful-fs@4.1.9 OK for: jest-haste-map@29.7.0 want: ^4.1.3
187 silly placeDep ROOT anymatch@3.1.3 OK for: jest-haste-map@29.7.0 want: ^3.0.3
188 silly placeDep ROOT fsevents@2.3.3 OK for: jest-haste-map@29.7.0 want: ^2.3.2
189 silly fetch manifest picomatch@^2.0.4
190 silly packumentCache full:https://registry.npmjs.org/picomatch cache-miss
191 silly fetch manifest normalize-path@^3.0.0
192 silly packumentCache full:https://registry.npmjs.org/normalize-path cache-miss
193 http cache https://registry.npmjs.org/picomatch 16ms (cache hit)
194 silly packumentCache full:https://registry.npmjs.org/picomatch set size:126376 disposed:false
195 http fetch GET 200 https://registry.npmjs.org/normalize-path 67ms (cache revalidated)
196 silly packumentCache full:https://registry.npmjs.org/normalize-path set size:28713 disposed:false
197 silly placeDep ROOT normalize-path@3.0.0 OK for: anymatch@3.1.3 want: ^3.0.0
198 silly placeDep node_modules/anymatch picomatch@2.3.2 OK for: anymatch@3.1.3 want: ^2.0.4
199 silly placeDep node_modules/jest-message-util @babel/code-frame@7.29.0 OK for: jest-message-util@29.7.0 want: ^7.12.13
200 silly placeDep ROOT @types/stack-utils@2.0.3 OK for: jest-message-util@29.7.0 want: ^2.0.0
201 silly placeDep ROOT stack-utils@2.0.6 OK for: jest-message-util@29.7.0 want: ^2.0.3
202 silly fetch manifest escape-string-regexp@^2.0.0
203 silly packumentCache full:https://registry.npmjs.org/escape-string-regexp cache-miss
204 http cache https://registry.npmjs.org/escape-string-regexp 2ms (cache hit)
205 silly packumentCache full:https://registry.npmjs.org/escape-string-regexp set size:22244 disposed:false
206 silly fetch manifest plist@^3.0.5
207 silly packumentCache full:https://registry.npmjs.org/plist cache-miss
208 http cache https://registry.npmjs.org/plist 1ms (cache hit)
209 silly packumentCache full:https://registry.npmjs.org/plist set size:52877 disposed:false
210 silly placeDep ROOT plist@3.1.0 OK for: simple-plist@1.3.1 want: ^3.0.5
211 silly placeDep node_modules/stack-utils escape-string-regexp@2.0.0 OK for: stack-utils@2.0.6 want: ^2.0.0
212 silly placeDep node_modules/test-exclude glob@7.2.3 OK for: test-exclude@6.0.0 want: ^7.1.4
213 silly placeDep node_modules/test-exclude minimatch@3.1.5 OK for: test-exclude@6.0.0 want: ^3.0.4
214 silly fetch manifest minimatch@^3.1.1
215 silly packumentCache full:https://registry.npmjs.org/minimatch cache-hit
216 silly fetch manifest brace-expansion@^1.1.7
217 silly packumentCache full:https://registry.npmjs.org/brace-expansion cache-miss
218 http cache https://registry.npmjs.org/brace-expansion 2ms (cache hit)
219 silly packumentCache full:https://registry.npmjs.org/brace-expansion set size:61740 disposed:false
220 silly fetch manifest thenify@>= 3.1.0 < 4
221 silly packumentCache full:https://registry.npmjs.org/thenify cache-miss
222 http fetch GET 200 https://registry.npmjs.org/thenify 58ms (cache revalidated)
223 silly packumentCache full:https://registry.npmjs.org/thenify set size:21379 disposed:false
224 silly placeDep ROOT thenify@3.3.1 OK for: thenify-all@1.6.0 want: >= 3.1.0 < 4
225 silly placeDep ROOT imurmurhash@0.1.4 OK for: write-file-atomic@4.0.2 want: ^0.1.4
226 silly placeDep node_modules/test-exclude brace-expansion@1.1.13 OK for: minimatch@3.1.5 want: ^1.1.7
227 silly fetch manifest balanced-match@^1.0.0
228 silly packumentCache full:https://registry.npmjs.org/balanced-match cache-miss
229 http cache https://registry.npmjs.org/balanced-match 2ms (cache hit)
230 silly packumentCache full:https://registry.npmjs.org/balanced-match set size:39082 disposed:false
231 silly placeDep node_modules/test-exclude balanced-match@1.0.2 OK for: brace-expansion@1.1.13 want: ^1.0.0
232 verbose stack Error: 
232 verbose stack `npm ci` can only install packages when your package.json and package-lock.json or npm-shrinkwrap.json are in sync. Please update your lock file with `npm install` before continuing.
232 verbose stack
232 verbose stack Missing: @expo/ngrok-bin-darwin-x64@2.3.41 from lock file
232 verbose stack Missing: @expo/ngrok-bin-freebsd-ia32@2.3.41 from lock file
232 verbose stack Missing: @expo/ngrok-bin-freebsd-x64@2.3.41 from lock file
232 verbose stack Missing: @expo/ngrok-bin-linux-arm@2.3.41 from lock file
232 verbose stack Missing: @expo/ngrok-bin-linux-arm64@2.3.41 from lock file
232 verbose stack Missing: @expo/ngrok-bin-linux-ia32@2.3.41 from lock file
232 verbose stack Missing: @expo/ngrok-bin-linux-x64@2.3.41 from lock file
232 verbose stack Missing: @expo/ngrok-bin-sunos-x64@2.3.41 from lock file
232 verbose stack Missing: @expo/ngrok-bin-win32-ia32@2.3.41 from lock file
232 verbose stack Missing: @expo/ngrok-bin-win32-x64@2.3.41 from lock file
232 verbose stack Missing: @jest/transform@29.7.0 from lock file
232 verbose stack Missing: @types/babel__core@7.20.5 from lock file
232 verbose stack Missing: fast-json-stable-stringify@2.1.0 from lock file
232 verbose stack Missing: jest-haste-map@29.7.0 from lock file
232 verbose stack Missing: jest-regex-util@29.6.3 from lock file
232 verbose stack Missing: write-file-atomic@4.0.2 from lock file
232 verbose stack Missing: @types/babel__generator@7.27.0 from lock file
232 verbose stack Missing: @types/babel__template@7.4.4 from lock file
232 verbose stack Missing: @types/babel__traverse@7.28.0 from lock file
232 verbose stack Missing: test-exclude@6.0.0 from lock file
232 verbose stack Missing: path-exists@4.0.0 from lock file
232 verbose stack Missing: @jest/environment@29.7.0 from lock file
232 verbose stack Missing: @jest/fake-timers@29.7.0 from lock file
232 verbose stack Missing: @sinonjs/fake-timers@10.3.0 from lock file
232 verbose stack Missing: jest-message-util@29.7.0 from lock file
232 verbose stack Missing: @sinonjs/commons@3.0.1 from lock file
232 verbose stack Missing: type-detect@4.0.8 from lock file
232 verbose stack Missing: @types/graceful-fs@4.1.9 from lock file
232 verbose stack Missing: anymatch@3.1.3 from lock file
232 verbose stack Missing: fsevents@2.3.3 from lock file
232 verbose stack Missing: normalize-path@3.0.0 from lock file
232 verbose stack Missing: picomatch@2.3.2 from lock file
232 verbose stack Missing: @babel/code-frame@7.29.0 from lock file
232 verbose stack Missing: @types/stack-utils@2.0.3 from lock file
232 verbose stack Missing: stack-utils@2.0.6 from lock file
232 verbose stack Missing: plist@3.1.0 from lock file
232 verbose stack Missing: escape-string-regexp@2.0.0 from lock file
232 verbose stack Missing: glob@7.2.3 from lock file
232 verbose stack Missing: minimatch@3.1.5 from lock file
232 verbose stack Missing: thenify@3.3.1 from lock file
232 verbose stack Missing: imurmurhash@0.1.4 from lock file
232 verbose stack Missing: brace-expansion@1.1.13 from lock file
232 verbose stack Missing: balanced-match@1.0.2 from lock file
232 verbose stack
232 verbose stack Clean install a project
232 verbose stack
232 verbose stack Usage:
232 verbose stack npm ci
232 verbose stack
232 verbose stack Options:
232 verbose stack [--install-strategy <hoisted|nested|shallow|linked>] [--legacy-bundling]
232 verbose stack [--global-style] [--omit <dev|optional|peer> [--omit <dev|optional|peer> ...]]
232 verbose stack [--include <prod|dev|optional|peer> [--include <prod|dev|optional|peer> ...]]
232 verbose stack [--strict-peer-deps] [--foreground-scripts] [--ignore-scripts]
232 verbose stack [--allow-git <all|none|root>] [--no-audit] [--no-bin-links] [--no-fund]
232 verbose stack [--dry-run]
232 verbose stack [-w|--workspace <workspace-name> [-w|--workspace <workspace-name> ...]]
232 verbose stack [--workspaces] [--include-workspace-root] [--install-links]
232 verbose stack
232 verbose stack aliases: clean-install, ic, install-clean, isntall-clean
232 verbose stack
232 verbose stack Run "npm help ci" for more info
232 verbose stack     at CI.usageError (/opt/homebrew/lib/node_modules/npm/lib/base-cmd.js:111:26)
232 verbose stack     at CI.exec (/opt/homebrew/lib/node_modules/npm/lib/commands/ci.js:71:18)
232 verbose stack     at async Npm.exec (/opt/homebrew/lib/node_modules/npm/lib/npm.js:208:9)
232 verbose stack     at async module.exports (/opt/homebrew/lib/node_modules/npm/lib/cli/entry.js:67:5)
233 error code EUSAGE
234 error
234 error `npm ci` can only install packages when your package.json and package-lock.json or npm-shrinkwrap.json are in sync. Please update your lock file with `npm install` before continuing.
234 error
234 error Missing: @expo/ngrok-bin-darwin-x64@2.3.41 from lock file
234 error Missing: @expo/ngrok-bin-freebsd-ia32@2.3.41 from lock file
234 error Missing: @expo/ngrok-bin-freebsd-x64@2.3.41 from lock file
234 error Missing: @expo/ngrok-bin-linux-arm@2.3.41 from lock file
234 error Missing: @expo/ngrok-bin-linux-arm64@2.3.41 from lock file
234 error Missing: @expo/ngrok-bin-linux-ia32@2.3.41 from lock file
234 error Missing: @expo/ngrok-bin-linux-x64@2.3.41 from lock file
234 error Missing: @expo/ngrok-bin-sunos-x64@2.3.41 from lock file
234 error Missing: @expo/ngrok-bin-win32-ia32@2.3.41 from lock file
234 error Missing: @expo/ngrok-bin-win32-x64@2.3.41 from lock file
234 error Missing: @jest/transform@29.7.0 from lock file
234 error Missing: @types/babel__core@7.20.5 from lock file
234 error Missing: fast-json-stable-stringify@2.1.0 from lock file
234 error Missing: jest-haste-map@29.7.0 from lock file
234 error Missing: jest-regex-util@29.6.3 from lock file
234 error Missing: write-file-atomic@4.0.2 from lock file
234 error Missing: @types/babel__generator@7.27.0 from lock file
234 error Missing: @types/babel__template@7.4.4 from lock file
234 error Missing: @types/babel__traverse@7.28.0 from lock file
234 error Missing: test-exclude@6.0.0 from lock file
234 error Missing: path-exists@4.0.0 from lock file
234 error Missing: @jest/environment@29.7.0 from lock file
234 error Missing: @jest/fake-timers@29.7.0 from lock file
234 error Missing: @sinonjs/fake-timers@10.3.0 from lock file
234 error Missing: jest-message-util@29.7.0 from lock file
234 error Missing: @sinonjs/commons@3.0.1 from lock file
234 error Missing: type-detect@4.0.8 from lock file
234 error Missing: @types/graceful-fs@4.1.9 from lock file
234 error Missing: anymatch@3.1.3 from lock file
234 error Missing: fsevents@2.3.3 from lock file
234 error Missing: normalize-path@3.0.0 from lock file
234 error Missing: picomatch@2.3.2 from lock file
234 error Missing: @babel/code-frame@7.29.0 from lock file
234 error Missing: @types/stack-utils@2.0.3 from lock file
234 error Missing: stack-utils@2.0.6 from lock file
234 error Missing: plist@3.1.0 from lock file
234 error Missing: escape-string-regexp@2.0.0 from lock file
234 error Missing: glob@7.2.3 from lock file
234 error Missing: minimatch@3.1.5 from lock file
234 error Missing: thenify@3.3.1 from lock file
234 error Missing: imurmurhash@0.1.4 from lock file
234 error Missing: brace-expansion@1.1.13 from lock file
234 error Missing: balanced-match@1.0.2 from lock file
234 error
234 error Clean install a project
234 error
234 error Usage:
234 error npm ci
234 error
234 error Options:
234 error [--install-strategy <hoisted|nested|shallow|linked>] [--legacy-bundling]
234 error [--global-style] [--omit <dev|optional|peer> [--omit <dev|optional|peer> ...]]
234 error [--include <prod|dev|optional|peer> [--include <prod|dev|optional|peer> ...]]
234 error [--strict-peer-deps] [--foreground-scripts] [--ignore-scripts]
234 error [--allow-git <all|none|root>] [--no-audit] [--no-bin-links] [--no-fund]
234 error [--dry-run]
234 error [-w|--workspace <workspace-name> [-w|--workspace <workspace-name> ...]]
234 error [--workspaces] [--include-workspace-root] [--install-links]
234 error
234 error aliases: clean-install, ic, install-clean, isntall-clean
234 error
234 error Run "npm help ci" for more info
235 verbose cwd /private/var/folders/49/9f_8ccbn56zd7dscmj148m6m0000gn/T/eas-build-local-nodejs/***/build
236 verbose os Darwin 25.4.0
237 verbose node v25.6.1
238 verbose npm  v11.9.0
239 verbose exit 1
240 verbose code 1
241 error A complete log of this run can be found in: /Users/matt/Rooted_Daily_Android/Rooted_Daily/.npm_cache_tmp/_logs/2026-04-10T23_50_56_937Z-debug-0.log
